nohup: ignoring input

  .   ____          _            __ _ _
 /\\ / ___'_ __ _ _(_)_ __  __ _ \ \ \ \
( ( )\___ | '_ | '_| | '_ \/ _` | \ \ \ \
 \\/  ___)| |_)| | | | | || (_| |  ) ) ) )
  '  |____| .__|_| |_|_| |_\__, | / / / /
 =========|_|==============|___/=/_/_/_/

 :: Spring Boot ::                (v3.4.4)

2025-06-29T17:22:32.674+02:00  INFO 83657 --- [biblioteca] [           main] SOS.biblioteca.BibliotecaApplication     : Starting BibliotecaApplication v0.0.1-SNAPSHOT using Java 17.0.15 with PID 83657 (/home/xiao/UPM/SOS/biblioteca/target/biblioteca-0.0.1-SNAPSHOT.jar started by xiao in /home/xiao/UPM/SOS/biblioteca)
2025-06-29T17:22:32.678+02:00  INFO 83657 --- [biblioteca] [           main] SOS.biblioteca.BibliotecaApplication     : No active profile set, falling back to 1 default profile: "default"
2025-06-29T17:22:33.357+02:00  INFO 83657 --- [biblioteca] [           main] .s.d.r.c.RepositoryConfigurationDelegate : Bootstrapping Spring Data JPA repositories in DEFAULT mode.
2025-06-29T17:22:33.405+02:00  INFO 83657 --- [biblioteca] [           main] .s.d.r.c.RepositoryConfigurationDelegate : Finished Spring Data repository scanning in 40 ms. Found 3 JPA repository interfaces.
2025-06-29T17:22:33.781+02:00  INFO 83657 --- [biblioteca] [           main] o.s.b.w.embedded.tomcat.TomcatWebServer  : Tomcat initialized with port 8888 (http)
2025-06-29T17:22:33.791+02:00  INFO 83657 --- [biblioteca] [           main] o.apache.catalina.core.StandardService   : Starting service [Tomcat]
2025-06-29T17:22:33.791+02:00  INFO 83657 --- [biblioteca] [           main] o.apache.catalina.core.StandardEngine    : Starting Servlet engine: [Apache Tomcat/10.1.39]
2025-06-29T17:22:33.816+02:00  INFO 83657 --- [biblioteca] [           main] o.a.c.c.C.[Tomcat].[localhost].[/]       : Initializing Spring embedded WebApplicationContext
2025-06-29T17:22:33.817+02:00  INFO 83657 --- [biblioteca] [           main] w.s.c.ServletWebServerApplicationContext : Root WebApplicationContext: initialization completed in 1105 ms
2025-06-29T17:22:33.943+02:00  INFO 83657 --- [biblioteca] [           main] o.hibernate.jpa.internal.util.LogHelper  : HHH000204: Processing PersistenceUnitInfo [name: default]
2025-06-29T17:22:33.992+02:00  INFO 83657 --- [biblioteca] [           main] org.hibernate.Version                    : HHH000412: Hibernate ORM core version 6.6.11.Final
2025-06-29T17:22:34.022+02:00  INFO 83657 --- [biblioteca] [           main] o.h.c.internal.RegionFactoryInitiator    : HHH000026: Second-level cache disabled
2025-06-29T17:22:34.247+02:00  INFO 83657 --- [biblioteca] [           main] o.s.o.j.p.SpringPersistenceUnitInfo      : No LoadTimeWeaver setup: ignoring JPA class transformer
2025-06-29T17:22:34.273+02:00  INFO 83657 --- [biblioteca] [           main] com.zaxxer.hikari.HikariDataSource       : HikariPool-1 - Starting...
2025-06-29T17:22:34.434+02:00  INFO 83657 --- [biblioteca] [           main] com.zaxxer.hikari.pool.HikariPool        : HikariPool-1 - Added connection org.postgresql.jdbc.PgConnection@6f0c45f4
2025-06-29T17:22:34.437+02:00  INFO 83657 --- [biblioteca] [           main] com.zaxxer.hikari.HikariDataSource       : HikariPool-1 - Start completed.
2025-06-29T17:22:34.466+02:00  WARN 83657 --- [biblioteca] [           main] org.hibernate.orm.deprecation            : HHH90000025: PostgreSQLDialect does not need to be specified explicitly using 'hibernate.dialect' (remove the property setting and it will be selected by default)
2025-06-29T17:22:34.485+02:00  INFO 83657 --- [biblioteca] [           main] org.hibernate.orm.connections.pooling    : HHH10001005: Database info:
	Database JDBC URL [Connecting through datasource 'HikariDataSource (HikariPool-1)']
	Database driver: undefined/unknown
	Database version: 17.4
	Autocommit mode: undefined/unknown
	Isolation level: undefined/unknown
	Minimum pool size: undefined/unknown
	Maximum pool size: undefined/unknown
2025-06-29T17:22:35.224+02:00  INFO 83657 --- [biblioteca] [           main] o.h.e.t.j.p.i.JtaPlatformInitiator       : HHH000489: No JTA platform available (set 'hibernate.transaction.jta.platform' to enable JTA platform integration)
2025-06-29T17:22:35.337+02:00  INFO 83657 --- [biblioteca] [           main] j.LocalContainerEntityManagerFactoryBean : Initialized JPA EntityManagerFactory for persistence unit 'default'
2025-06-29T17:22:35.620+02:00  INFO 83657 --- [biblioteca] [           main] o.s.d.j.r.query.QueryEnhancerFactory     : Hibernate is in classpath; If applicable, HQL parser will be used.
2025-06-29T17:22:35.792+02:00  WARN 83657 --- [biblioteca] [           main] JpaBaseConfiguration$JpaWebConfiguration : spring.jpa.open-in-view is enabled by default. Therefore, database queries may be performed during view rendering. Explicitly configure spring.jpa.open-in-view to disable this warning
2025-06-29T17:22:36.204+02:00  INFO 83657 --- [biblioteca] [           main] o.s.b.w.embedded.tomcat.TomcatWebServer  : Tomcat started on port 8888 (http) with context path '/'
2025-06-29T17:22:36.213+02:00  INFO 83657 --- [biblioteca] [           main] SOS.biblioteca.BibliotecaApplication     : Started BibliotecaApplication in 3.895 seconds (process running for 4.203)
2025-06-29T17:22:50.946+02:00  INFO 83657 --- [biblioteca] [nio-8888-exec-1] o.a.c.c.C.[Tomcat].[localhost].[/]       : Initializing Spring DispatcherServlet 'dispatcherServlet'
2025-06-29T17:22:50.947+02:00  INFO 83657 --- [biblioteca] [nio-8888-exec-1] o.s.web.servlet.DispatcherServlet        : Initializing Servlet 'dispatcherServlet'
2025-06-29T17:22:50.948+02:00  INFO 83657 --- [biblioteca] [nio-8888-exec-1] o.s.web.servlet.DispatcherServlet        : Completed initialization in 1 ms
2025-06-29T17:26:36.951+02:00  INFO 83657 --- [biblioteca] [ionShutdownHook] o.s.b.w.e.tomcat.GracefulShutdown        : Commencing graceful shutdown. Waiting for active requests to complete
2025-06-29T17:26:36.953+02:00  INFO 83657 --- [biblioteca] [tomcat-shutdown] o.s.b.w.e.tomcat.GracefulShutdown        : Graceful shutdown complete
2025-06-29T17:26:36.956+02:00  INFO 83657 --- [biblioteca] [ionShutdownHook] j.LocalContainerEntityManagerFactoryBean : Closing JPA EntityManagerFactory for persistence unit 'default'
2025-06-29T17:26:36.957+02:00  INFO 83657 --- [biblioteca] [ionShutdownHook] com.zaxxer.hikari.HikariDataSource       : HikariPool-1 - Shutdown initiated...
2025-06-29T17:26:36.959+02:00  INFO 83657 --- [biblioteca] [ionShutdownHook] com.zaxxer.hikari.HikariDataSource       : HikariPool-1 - Shutdown completed.
